<?xml version="1.0" encoding="UTF-8" ?>
<testsuites name="vitest tests" tests="14" failures="1" errors="0" time="2.282810512">
    <testsuite name="src/__tests__/integration/new-features.test.ts" timestamp="2025-09-19T10:26:16.569Z" hostname="EWS" tests="14" failures="1" errors="0" skipped="1" time="2.282810512">
        <testcase classname="src/__tests__/integration/new-features.test.ts" name="New SDK Features Integration &gt; Jobs CRUD Operations &gt; should list job descriptions" time="0.069154089">
            <system-out>
MSW intercepted: GET https://api.test.evalmatch.com/job-descriptions

            </system-out>
        </testcase>
        <testcase classname="src/__tests__/integration/new-features.test.ts" name="New SDK Features Integration &gt; Jobs CRUD Operations &gt; should get a specific job description" time="0.027586558">
            <system-out>
MSW intercepted: GET https://api.test.evalmatch.com/job-descriptions/1

            </system-out>
        </testcase>
        <testcase classname="src/__tests__/integration/new-features.test.ts" name="New SDK Features Integration &gt; Jobs CRUD Operations &gt; should create a new job description" time="0.012434067">
            <system-out>
MSW intercepted: POST https://api.test.evalmatch.com/job-descriptions

            </system-out>
        </testcase>
        <testcase classname="src/__tests__/integration/new-features.test.ts" name="New SDK Features Integration &gt; Jobs CRUD Operations &gt; should update a job description" time="0.024587977">
            <system-out>
MSW intercepted: PATCH https://api.test.evalmatch.com/job-descriptions/1

            </system-out>
        </testcase>
        <testcase classname="src/__tests__/integration/new-features.test.ts" name="New SDK Features Integration &gt; Jobs CRUD Operations &gt; should delete a job description" time="0.025722587">
            <system-out>
MSW intercepted: DELETE https://api.test.evalmatch.com/job-descriptions/1

            </system-out>
        </testcase>
        <testcase classname="src/__tests__/integration/new-features.test.ts" name="New SDK Features Integration &gt; Batch Upload &gt; should upload multiple resumes" time="0">
            <skipped/>
        </testcase>
        <testcase classname="src/__tests__/integration/new-features.test.ts" name="New SDK Features Integration &gt; Batch Upload &gt; should handle empty file array" time="0.023282594">
            <system-out>
MSW intercepted: POST https://api.test.evalmatch.com/resumes/batch

            </system-out>
        </testcase>
        <testcase classname="src/__tests__/integration/new-features.test.ts" name="New SDK Features Integration &gt; Analysis Text Endpoint &gt; should analyze resume text against job description" time="0.029169957">
            <system-out>
MSW intercepted: POST https://api.test.evalmatch.com/analysis/analyze-text

            </system-out>
        </testcase>
        <testcase classname="src/__tests__/integration/new-features.test.ts" name="New SDK Features Integration &gt; Analysis Text Endpoint &gt; should handle empty text inputs" time="0.031762034">
            <system-out>
MSW intercepted: POST https://api.test.evalmatch.com/analysis/analyze-text

            </system-out>
        </testcase>
        <testcase classname="src/__tests__/integration/new-features.test.ts" name="New SDK Features Integration &gt; Token Status &gt; should get token status information" time="0.429730991">
            <system-out>
MSW intercepted: GET https://api.test.evalmatch.com/v1/tokens/status/by-token

MSW intercepted: GET https://api.test.evalmatch.com/v1/tokens/status/by-token

MSW intercepted: GET https://api.test.evalmatch.com/v1/tokens/status/by-token

            </system-out>
            <failure message="This endpoint requires API token authentication" type="EvalMatchError">
EvalMatchError: This endpoint requires API token authentication
 ❯ Function.createFromHttpError src/core/errors.ts:296:16
 ❯ EvalMatchClient.handleError src/client.ts:208:24
 ❯ EvalMatchClient.request src/client.ts:248:12
 ❯ src/__tests__/integration/new-features.test.ts:185:22

⎯⎯⎯⎯⎯⎯⎯⎯⎯⎯⎯⎯⎯⎯⎯⎯⎯⎯⎯⎯⎯⎯⎯⎯⎯⎯⎯⎯⎯⎯
Serialized Error: { code: &apos;INSUFFICIENT_PERMISSIONS&apos;, context: { circuitBreakerState: &apos;closed&apos;, endpoint: &apos;/v1/tokens/status/by-token&apos;, method: &apos;GET&apos;, statusCode: 403, requestId: undefined, duration: undefined, timestamp: &apos;2025-09-19T10:26:14.925Z&apos; }, recoveryActions: [ { type: &apos;contact_support&apos;, description: &apos;Contact support for access permissions&apos; } ], isRetryable: false }
            </failure>
        </testcase>
        <testcase classname="src/__tests__/integration/new-features.test.ts" name="New SDK Features Integration &gt; Error Handling with throwOnError: false &gt; should return error envelope for jobs.get with invalid ID" time="0.527984431">
            <system-out>
MSW intercepted: GET https://api.test.evalmatch.com/job-descriptions/999

MSW intercepted: GET https://api.test.evalmatch.com/job-descriptions/999

MSW intercepted: GET https://api.test.evalmatch.com/job-descriptions/999

            </system-out>
        </testcase>
        <testcase classname="src/__tests__/integration/new-features.test.ts" name="New SDK Features Integration &gt; Error Handling with throwOnError: false &gt; should return error envelope for jobs.delete with invalid ID" time="0.506112497">
            <system-out>
MSW intercepted: DELETE https://api.test.evalmatch.com/job-descriptions/999

MSW intercepted: DELETE https://api.test.evalmatch.com/job-descriptions/999

MSW intercepted: DELETE https://api.test.evalmatch.com/job-descriptions/999

            </system-out>
        </testcase>
        <testcase classname="src/__tests__/integration/new-features.test.ts" name="New SDK Features Integration &gt; Type Safety Validation &gt; should enforce correct types for JobDescriptionInput" time="0.000284887">
        </testcase>
        <testcase classname="src/__tests__/integration/new-features.test.ts" name="New SDK Features Integration &gt; Type Safety Validation &gt; should enforce correct return types" time="0.570747601">
            <system-out>
MSW intercepted: GET https://api.test.evalmatch.com/job-descriptions

MSW intercepted: GET https://api.test.evalmatch.com/job-descriptions/1

MSW intercepted: POST https://api.test.evalmatch.com/analysis/analyze-text

MSW intercepted: GET https://api.test.evalmatch.com/v1/tokens/status/by-token

MSW intercepted: GET https://api.test.evalmatch.com/v1/tokens/status/by-token

MSW intercepted: GET https://api.test.evalmatch.com/v1/tokens/status/by-token

            </system-out>
        </testcase>
    </testsuite>
</testsuites>
