<?xml version="1.0" encoding="UTF-8" ?>
<testsuites name="vitest tests" tests="89" failures="6" errors="0" time="5.861228566">
    <testsuite name="src/__tests__/client-basic.test.ts" timestamp="2025-09-18T09:45:30.875Z" hostname="EWS" tests="12" failures="0" errors="0" skipped="0" time="0.102832847">
        <testcase classname="src/__tests__/client-basic.test.ts" name="EvalMatchClient Basic &gt; Configuration &gt; should initialize with default configuration" time="0.002272947">
        </testcase>
        <testcase classname="src/__tests__/client-basic.test.ts" name="EvalMatchClient Basic &gt; Configuration &gt; should use custom configuration" time="0.000304995">
        </testcase>
        <testcase classname="src/__tests__/client-basic.test.ts" name="EvalMatchClient Basic &gt; Configuration &gt; should check authentication status" time="0.000382801">
        </testcase>
        <testcase classname="src/__tests__/client-basic.test.ts" name="EvalMatchClient Basic &gt; API Structure &gt; should have resume management methods" time="0.000376723">
        </testcase>
        <testcase classname="src/__tests__/client-basic.test.ts" name="EvalMatchClient Basic &gt; API Structure &gt; should have job management methods" time="0.000197496">
        </testcase>
        <testcase classname="src/__tests__/client-basic.test.ts" name="EvalMatchClient Basic &gt; API Structure &gt; should have analysis methods" time="0.000194907">
        </testcase>
        <testcase classname="src/__tests__/client-basic.test.ts" name="EvalMatchClient Basic &gt; API Structure &gt; should have utility methods" time="0.00013355">
        </testcase>
        <testcase classname="src/__tests__/client-basic.test.ts" name="EvalMatchClient Basic &gt; Mock Service Integration &gt; should successfully list resumes" time="0.045845271">
            <system-out>
MSW intercepted: GET https://api.test.evalmatch.com/resumes

            </system-out>
        </testcase>
        <testcase classname="src/__tests__/client-basic.test.ts" name="EvalMatchClient Basic &gt; Mock Service Integration &gt; should successfully get resume by ID" time="0.012390986">
            <system-out>
MSW intercepted: GET https://api.test.evalmatch.com/resumes/123

            </system-out>
        </testcase>
        <testcase classname="src/__tests__/client-basic.test.ts" name="EvalMatchClient Basic &gt; Mock Service Integration &gt; should successfully create job description" time="0.01173155">
            <system-out>
MSW intercepted: POST https://api.test.evalmatch.com/job-descriptions

            </system-out>
        </testcase>
        <testcase classname="src/__tests__/client-basic.test.ts" name="EvalMatchClient Basic &gt; Mock Service Integration &gt; should successfully analyze resumes" time="0.010535468">
            <system-out>
MSW intercepted ANALYZE 123: POST https://api.test.evalmatch.com/analysis/analyze/123

            </system-out>
        </testcase>
        <testcase classname="src/__tests__/client-basic.test.ts" name="EvalMatchClient Basic &gt; Mock Service Integration &gt; should successfully analyze job bias" time="0.014841272">
            <system-out>
MSW intercepted BIAS 123: POST https://api.test.evalmatch.com/analysis/analyze-bias/123

MSW BIAS 123 body: {}

            </system-out>
        </testcase>
    </testsuite>
    <testsuite name="src/__tests__/client.test.ts" timestamp="2025-09-18T09:45:30.887Z" hostname="EWS" tests="19" failures="0" errors="0" skipped="1" time="5.493166272">
        <testcase classname="src/__tests__/client.test.ts" name="EvalMatchClient &gt; Configuration &gt; should initialize with default configuration" time="0.002323453">
        </testcase>
        <testcase classname="src/__tests__/client.test.ts" name="EvalMatchClient &gt; Configuration &gt; should use custom configuration" time="0.000284732">
        </testcase>
        <testcase classname="src/__tests__/client.test.ts" name="EvalMatchClient &gt; Configuration &gt; should check authentication status" time="0.000278399">
        </testcase>
        <testcase classname="src/__tests__/client.test.ts" name="EvalMatchClient &gt; Resume Management &gt; should list resumes successfully" time="0.035403585">
            <system-out>
MSW intercepted: GET https://api.test.evalmatch.com/resumes

            </system-out>
        </testcase>
        <testcase classname="src/__tests__/client.test.ts" name="EvalMatchClient &gt; Resume Management &gt; should get specific resume by ID" time="0.010843425">
            <system-out>
MSW intercepted: GET https://api.test.evalmatch.com/resumes/123

            </system-out>
        </testcase>
        <testcase classname="src/__tests__/client.test.ts" name="EvalMatchClient &gt; Resume Management &gt; should upload resume file" time="0">
            <skipped/>
        </testcase>
        <testcase classname="src/__tests__/client.test.ts" name="EvalMatchClient &gt; Resume Management &gt; should handle resume not found error" time="0.45645082">
            <system-out>
MSW intercepted: GET https://api.test.evalmatch.com/resumes/999

MSW intercepted: GET https://api.test.evalmatch.com/resumes/999

MSW intercepted: GET https://api.test.evalmatch.com/resumes/999

            </system-out>
        </testcase>
        <testcase classname="src/__tests__/client.test.ts" name="EvalMatchClient &gt; Job Description Management &gt; should create job description successfully" time="0.007393461">
            <system-out>
MSW intercepted: POST https://api.test.evalmatch.com/job-descriptions

            </system-out>
        </testcase>
        <testcase classname="src/__tests__/client.test.ts" name="EvalMatchClient &gt; Job Description Management &gt; should handle validation errors for job creation" time="0.75990786">
        </testcase>
        <testcase classname="src/__tests__/client.test.ts" name="EvalMatchClient &gt; AI Analysis &gt; should analyze resumes against job" time="0.00801139">
            <system-out>
MSW intercepted ANALYZE 123: POST https://api.test.evalmatch.com/analysis/analyze/123

            </system-out>
        </testcase>
        <testcase classname="src/__tests__/client.test.ts" name="EvalMatchClient &gt; AI Analysis &gt; should analyze job bias" time="0.012728967">
            <system-out>
MSW intercepted BIAS 123: POST https://api.test.evalmatch.com/analysis/analyze-bias/123

MSW BIAS 123 body: {}

            </system-out>
        </testcase>
        <testcase classname="src/__tests__/client.test.ts" name="EvalMatchClient &gt; AI Analysis &gt; should handle analysis timeout" time="1.170244475">
            <system-err>
Error: Error: getaddrinfo ENOTFOUND api.test.evalmatch.com
    at Object.dispatchError (/home/ews/Evalmatch/sdks/typescript/node_modules/jsdom/lib/jsdom/living/xhr/xhr-utils.js:62:19)
    at EventEmitter.&lt;anonymous&gt; (/home/ews/Evalmatch/sdks/typescript/node_modules/jsdom/lib/jsdom/living/xhr/XMLHttpRequest-impl.js:655:18)
    at EventEmitter.emit (node:events:530:35)
    at Request.&lt;anonymous&gt; (/home/ews/Evalmatch/sdks/typescript/node_modules/jsdom/lib/jsdom/living/xhr/xhr-utils.js:380:14)
    at Request.emit (node:events:518:28)
    at ClientRequest.&lt;anonymous&gt; (/home/ews/Evalmatch/sdks/typescript/node_modules/jsdom/lib/jsdom/living/helpers/http-request.js:127:14)
    at ClientRequest.emit (node:events:518:28)
    at emitErrorEvent (node:_http_client:104:11)
    at TLSSocket.socketErrorListener (node:_http_client:518:5)
    at TLSSocket.emit (node:events:518:28) [90mundefined[39m

Error: Error: getaddrinfo ENOTFOUND api.test.evalmatch.com
    at Object.dispatchError (/home/ews/Evalmatch/sdks/typescript/node_modules/jsdom/lib/jsdom/living/xhr/xhr-utils.js:62:19)
    at EventEmitter.&lt;anonymous&gt; (/home/ews/Evalmatch/sdks/typescript/node_modules/jsdom/lib/jsdom/living/xhr/XMLHttpRequest-impl.js:655:18)
    at EventEmitter.emit (node:events:530:35)
    at Request.&lt;anonymous&gt; (/home/ews/Evalmatch/sdks/typescript/node_modules/jsdom/lib/jsdom/living/xhr/xhr-utils.js:380:14)
    at Request.emit (node:events:518:28)
    at ClientRequest.&lt;anonymous&gt; (/home/ews/Evalmatch/sdks/typescript/node_modules/jsdom/lib/jsdom/living/helpers/http-request.js:127:14)
    at ClientRequest.emit (node:events:518:28)
    at emitErrorEvent (node:_http_client:104:11)
    at TLSSocket.socketErrorListener (node:_http_client:518:5)
    at TLSSocket.emit (node:events:518:28) [90mundefined[39m

Error: Error: getaddrinfo ENOTFOUND api.test.evalmatch.com
    at Object.dispatchError (/home/ews/Evalmatch/sdks/typescript/node_modules/jsdom/lib/jsdom/living/xhr/xhr-utils.js:62:19)
    at EventEmitter.&lt;anonymous&gt; (/home/ews/Evalmatch/sdks/typescript/node_modules/jsdom/lib/jsdom/living/xhr/XMLHttpRequest-impl.js:655:18)
    at EventEmitter.emit (node:events:530:35)
    at Request.&lt;anonymous&gt; (/home/ews/Evalmatch/sdks/typescript/node_modules/jsdom/lib/jsdom/living/xhr/xhr-utils.js:380:14)
    at Request.emit (node:events:518:28)
    at ClientRequest.&lt;anonymous&gt; (/home/ews/Evalmatch/sdks/typescript/node_modules/jsdom/lib/jsdom/living/helpers/http-request.js:127:14)
    at ClientRequest.emit (node:events:518:28)
    at emitErrorEvent (node:_http_client:104:11)
    at TLSSocket.socketErrorListener (node:_http_client:518:5)
    at TLSSocket.emit (node:events:518:28) [90mundefined[39m

            </system-err>
        </testcase>
        <testcase classname="src/__tests__/client.test.ts" name="EvalMatchClient &gt; Error Handling &gt; should handle authentication errors" time="0.822704422">
        </testcase>
        <testcase classname="src/__tests__/client.test.ts" name="EvalMatchClient &gt; Error Handling &gt; should handle rate limiting with retry after" time="0.76288947">
        </testcase>
        <testcase classname="src/__tests__/client.test.ts" name="EvalMatchClient &gt; Error Handling &gt; should handle server errors with retry" time="0.443391281">
            <system-out>
Retry test attempt 1

Retry test attempt 2

Retry test attempt 3

            </system-out>
        </testcase>
        <testcase classname="src/__tests__/client.test.ts" name="EvalMatchClient &gt; Error Handling &gt; should handle circuit breaker opening" time="0.586424911">
            <system-err>
[MSW] Warning: intercepted a request without a matching request handler:

  • GET https://api.test.evalmatch.com/resumes-0

If you still wish to intercept this unhandled request, please create a request handler for it.
Read more: https://mswjs.io/docs/http/intercepting-requests
[MSW] Warning: intercepted a request without a matching request handler:

  • GET https://api.test.evalmatch.com/resumes-1

If you still wish to intercept this unhandled request, please create a request handler for it.
Read more: https://mswjs.io/docs/http/intercepting-requests
[MSW] Warning: intercepted a request without a matching request handler:

  • GET https://api.test.evalmatch.com/resumes-2

If you still wish to intercept this unhandled request, please create a request handler for it.
Read more: https://mswjs.io/docs/http/intercepting-requests
[MSW] Warning: intercepted a request without a matching request handler:

  • GET https://api.test.evalmatch.com/resumes-3

If you still wish to intercept this unhandled request, please create a request handler for it.
Read more: https://mswjs.io/docs/http/intercepting-requests
[MSW] Warning: intercepted a request without a matching request handler:

  • GET https://api.test.evalmatch.com/resumes-4

If you still wish to intercept this unhandled request, please create a request handler for it.
Read more: https://mswjs.io/docs/http/intercepting-requests

[MSW] Warning: intercepted a request without a matching request handler:

  • OPTIONS https://api.test.evalmatch.com/resumes-0

If you still wish to intercept this unhandled request, please create a request handler for it.
Read more: https://mswjs.io/docs/http/intercepting-requests

[MSW] Warning: intercepted a request without a matching request handler:

  • OPTIONS https://api.test.evalmatch.com/resumes-1

If you still wish to intercept this unhandled request, please create a request handler for it.
Read more: https://mswjs.io/docs/http/intercepting-requests

[MSW] Warning: intercepted a request without a matching request handler:

  • OPTIONS https://api.test.evalmatch.com/resumes-2

If you still wish to intercept this unhandled request, please create a request handler for it.
Read more: https://mswjs.io/docs/http/intercepting-requests

[MSW] Warning: intercepted a request without a matching request handler:

  • OPTIONS https://api.test.evalmatch.com/resumes-3

If you still wish to intercept this unhandled request, please create a request handler for it.
Read more: https://mswjs.io/docs/http/intercepting-requests

[MSW] Warning: intercepted a request without a matching request handler:

  • OPTIONS https://api.test.evalmatch.com/resumes-4

If you still wish to intercept this unhandled request, please create a request handler for it.
Read more: https://mswjs.io/docs/http/intercepting-requests

Error: Error: getaddrinfo ENOTFOUND api.test.evalmatch.com
    at Object.dispatchError (/home/ews/Evalmatch/sdks/typescript/node_modules/jsdom/lib/jsdom/living/xhr/xhr-utils.js:62:19)
    at EventEmitter.&lt;anonymous&gt; (/home/ews/Evalmatch/sdks/typescript/node_modules/jsdom/lib/jsdom/living/xhr/XMLHttpRequest-impl.js:655:18)
    at EventEmitter.emit (node:events:530:35)
    at Request.&lt;anonymous&gt; (/home/ews/Evalmatch/sdks/typescript/node_modules/jsdom/lib/jsdom/living/xhr/xhr-utils.js:380:14)
    at Request.emit (node:events:518:28)
    at ClientRequest.&lt;anonymous&gt; (/home/ews/Evalmatch/sdks/typescript/node_modules/jsdom/lib/jsdom/living/helpers/http-request.js:127:14)
    at ClientRequest.emit (node:events:518:28)
    at emitErrorEvent (node:_http_client:104:11)
    at MockHttpSocket.socketErrorListener (node:_http_client:518:5)
    at MockHttpSocket.emit (node:events:530:35) [90mundefined[39m

Error: Error: getaddrinfo ENOTFOUND api.test.evalmatch.com
    at Object.dispatchError (/home/ews/Evalmatch/sdks/typescript/node_modules/jsdom/lib/jsdom/living/xhr/xhr-utils.js:62:19)
    at EventEmitter.&lt;anonymous&gt; (/home/ews/Evalmatch/sdks/typescript/node_modules/jsdom/lib/jsdom/living/xhr/XMLHttpRequest-impl.js:655:18)
    at EventEmitter.emit (node:events:530:35)
    at Request.&lt;anonymous&gt; (/home/ews/Evalmatch/sdks/typescript/node_modules/jsdom/lib/jsdom/living/xhr/xhr-utils.js:380:14)
    at Request.emit (node:events:518:28)
    at ClientRequest.&lt;anonymous&gt; (/home/ews/Evalmatch/sdks/typescript/node_modules/jsdom/lib/jsdom/living/helpers/http-request.js:127:14)
    at ClientRequest.emit (node:events:518:28)
    at emitErrorEvent (node:_http_client:104:11)
    at MockHttpSocket.socketErrorListener (node:_http_client:518:5)
    at MockHttpSocket.emit (node:events:530:35) [90mundefined[39m

Error: Error: getaddrinfo ENOTFOUND api.test.evalmatch.com
    at Object.dispatchError (/home/ews/Evalmatch/sdks/typescript/node_modules/jsdom/lib/jsdom/living/xhr/xhr-utils.js:62:19)
    at EventEmitter.&lt;anonymous&gt; (/home/ews/Evalmatch/sdks/typescript/node_modules/jsdom/lib/jsdom/living/xhr/XMLHttpRequest-impl.js:655:18)
    at EventEmitter.emit (node:events:530:35)
    at Request.&lt;anonymous&gt; (/home/ews/Evalmatch/sdks/typescript/node_modules/jsdom/lib/jsdom/living/xhr/xhr-utils.js:380:14)
    at Request.emit (node:events:518:28)
    at ClientRequest.&lt;anonymous&gt; (/home/ews/Evalmatch/sdks/typescript/node_modules/jsdom/lib/jsdom/living/helpers/http-request.js:127:14)
    at ClientRequest.emit (node:events:518:28)
    at emitErrorEvent (node:_http_client:104:11)
    at MockHttpSocket.socketErrorListener (node:_http_client:518:5)
    at MockHttpSocket.emit (node:events:530:35) [90mundefined[39m

Error: Error: getaddrinfo ENOTFOUND api.test.evalmatch.com
    at Object.dispatchError (/home/ews/Evalmatch/sdks/typescript/node_modules/jsdom/lib/jsdom/living/xhr/xhr-utils.js:62:19)
    at EventEmitter.&lt;anonymous&gt; (/home/ews/Evalmatch/sdks/typescript/node_modules/jsdom/lib/jsdom/living/xhr/XMLHttpRequest-impl.js:655:18)
    at EventEmitter.emit (node:events:530:35)
    at Request.&lt;anonymous&gt; (/home/ews/Evalmatch/sdks/typescript/node_modules/jsdom/lib/jsdom/living/xhr/xhr-utils.js:380:14)
    at Request.emit (node:events:518:28)
    at ClientRequest.&lt;anonymous&gt; (/home/ews/Evalmatch/sdks/typescript/node_modules/jsdom/lib/jsdom/living/helpers/http-request.js:127:14)
    at ClientRequest.emit (node:events:518:28)
    at emitErrorEvent (node:_http_client:104:11)
    at MockHttpSocket.socketErrorListener (node:_http_client:518:5)
    at MockHttpSocket.emit (node:events:530:35) [90mundefined[39m

Error: Error: getaddrinfo ENOTFOUND api.test.evalmatch.com
    at Object.dispatchError (/home/ews/Evalmatch/sdks/typescript/node_modules/jsdom/lib/jsdom/living/xhr/xhr-utils.js:62:19)
    at EventEmitter.&lt;anonymous&gt; (/home/ews/Evalmatch/sdks/typescript/node_modules/jsdom/lib/jsdom/living/xhr/XMLHttpRequest-impl.js:655:18)
    at EventEmitter.emit (node:events:530:35)
    at Request.&lt;anonymous&gt; (/home/ews/Evalmatch/sdks/typescript/node_modules/jsdom/lib/jsdom/living/xhr/xhr-utils.js:380:14)
    at Request.emit (node:events:518:28)
    at ClientRequest.&lt;anonymous&gt; (/home/ews/Evalmatch/sdks/typescript/node_modules/jsdom/lib/jsdom/living/helpers/http-request.js:127:14)
    at ClientRequest.emit (node:events:518:28)
    at emitErrorEvent (node:_http_client:104:11)
    at MockHttpSocket.socketErrorListener (node:_http_client:518:5)
    at MockHttpSocket.emit (node:events:530:35) [90mundefined[39m

[MSW] Warning: intercepted a request without a matching request handler:

  • GET https://api.test.evalmatch.com/resumes-1

If you still wish to intercept this unhandled request, please create a request handler for it.
Read more: https://mswjs.io/docs/http/intercepting-requests

[MSW] Warning: intercepted a request without a matching request handler:

  • OPTIONS https://api.test.evalmatch.com/resumes-1

If you still wish to intercept this unhandled request, please create a request handler for it.
Read more: https://mswjs.io/docs/http/intercepting-requests

Error: Error: getaddrinfo ENOTFOUND api.test.evalmatch.com
    at Object.dispatchError (/home/ews/Evalmatch/sdks/typescript/node_modules/jsdom/lib/jsdom/living/xhr/xhr-utils.js:62:19)
    at EventEmitter.&lt;anonymous&gt; (/home/ews/Evalmatch/sdks/typescript/node_modules/jsdom/lib/jsdom/living/xhr/XMLHttpRequest-impl.js:655:18)
    at EventEmitter.emit (node:events:530:35)
    at Request.&lt;anonymous&gt; (/home/ews/Evalmatch/sdks/typescript/node_modules/jsdom/lib/jsdom/living/xhr/xhr-utils.js:380:14)
    at Request.emit (node:events:518:28)
    at ClientRequest.&lt;anonymous&gt; (/home/ews/Evalmatch/sdks/typescript/node_modules/jsdom/lib/jsdom/living/helpers/http-request.js:127:14)
    at ClientRequest.emit (node:events:518:28)
    at emitErrorEvent (node:_http_client:104:11)
    at MockHttpSocket.socketErrorListener (node:_http_client:518:5)
    at MockHttpSocket.emit (node:events:530:35) [90mundefined[39m

[MSW] Warning: intercepted a request without a matching request handler:

  • GET https://api.test.evalmatch.com/resumes-3

If you still wish to intercept this unhandled request, please create a request handler for it.
Read more: https://mswjs.io/docs/http/intercepting-requests

[MSW] Warning: intercepted a request without a matching request handler:

  • OPTIONS https://api.test.evalmatch.com/resumes-3

If you still wish to intercept this unhandled request, please create a request handler for it.
Read more: https://mswjs.io/docs/http/intercepting-requests

[MSW] Warning: intercepted a request without a matching request handler:

  • GET https://api.test.evalmatch.com/resumes-2

If you still wish to intercept this unhandled request, please create a request handler for it.
Read more: https://mswjs.io/docs/http/intercepting-requests

[MSW] Warning: intercepted a request without a matching request handler:

  • OPTIONS https://api.test.evalmatch.com/resumes-2

If you still wish to intercept this unhandled request, please create a request handler for it.
Read more: https://mswjs.io/docs/http/intercepting-requests

[MSW] Warning: intercepted a request without a matching request handler:

  • GET https://api.test.evalmatch.com/resumes-0

If you still wish to intercept this unhandled request, please create a request handler for it.
Read more: https://mswjs.io/docs/http/intercepting-requests

[MSW] Warning: intercepted a request without a matching request handler:

  • OPTIONS https://api.test.evalmatch.com/resumes-0

If you still wish to intercept this unhandled request, please create a request handler for it.
Read more: https://mswjs.io/docs/http/intercepting-requests

Error: Error: getaddrinfo ENOTFOUND api.test.evalmatch.com
    at Object.dispatchError (/home/ews/Evalmatch/sdks/typescript/node_modules/jsdom/lib/jsdom/living/xhr/xhr-utils.js:62:19)
    at EventEmitter.&lt;anonymous&gt; (/home/ews/Evalmatch/sdks/typescript/node_modules/jsdom/lib/jsdom/living/xhr/XMLHttpRequest-impl.js:655:18)
    at EventEmitter.emit (node:events:530:35)
    at Request.&lt;anonymous&gt; (/home/ews/Evalmatch/sdks/typescript/node_modules/jsdom/lib/jsdom/living/xhr/xhr-utils.js:380:14)
    at Request.emit (node:events:518:28)
    at ClientRequest.&lt;anonymous&gt; (/home/ews/Evalmatch/sdks/typescript/node_modules/jsdom/lib/jsdom/living/helpers/http-request.js:127:14)
    at ClientRequest.emit (node:events:518:28)
    at emitErrorEvent (node:_http_client:104:11)
    at MockHttpSocket.socketErrorListener (node:_http_client:518:5)
    at MockHttpSocket.emit (node:events:530:35) [90mundefined[39m

Error: Error: getaddrinfo ENOTFOUND api.test.evalmatch.com
    at Object.dispatchError (/home/ews/Evalmatch/sdks/typescript/node_modules/jsdom/lib/jsdom/living/xhr/xhr-utils.js:62:19)
    at EventEmitter.&lt;anonymous&gt; (/home/ews/Evalmatch/sdks/typescript/node_modules/jsdom/lib/jsdom/living/xhr/XMLHttpRequest-impl.js:655:18)
    at EventEmitter.emit (node:events:530:35)
    at Request.&lt;anonymous&gt; (/home/ews/Evalmatch/sdks/typescript/node_modules/jsdom/lib/jsdom/living/xhr/xhr-utils.js:380:14)
    at Request.emit (node:events:518:28)
    at ClientRequest.&lt;anonymous&gt; (/home/ews/Evalmatch/sdks/typescript/node_modules/jsdom/lib/jsdom/living/helpers/http-request.js:127:14)
    at ClientRequest.emit (node:events:518:28)
    at emitErrorEvent (node:_http_client:104:11)
    at MockHttpSocket.socketErrorListener (node:_http_client:518:5)
    at MockHttpSocket.emit (node:events:530:35) [90mundefined[39m

Error: Error: getaddrinfo ENOTFOUND api.test.evalmatch.com
    at Object.dispatchError (/home/ews/Evalmatch/sdks/typescript/node_modules/jsdom/lib/jsdom/living/xhr/xhr-utils.js:62:19)
    at EventEmitter.&lt;anonymous&gt; (/home/ews/Evalmatch/sdks/typescript/node_modules/jsdom/lib/jsdom/living/xhr/XMLHttpRequest-impl.js:655:18)
    at EventEmitter.emit (node:events:530:35)
    at Request.&lt;anonymous&gt; (/home/ews/Evalmatch/sdks/typescript/node_modules/jsdom/lib/jsdom/living/xhr/xhr-utils.js:380:14)
    at Request.emit (node:events:518:28)
    at ClientRequest.&lt;anonymous&gt; (/home/ews/Evalmatch/sdks/typescript/node_modules/jsdom/lib/jsdom/living/helpers/http-request.js:127:14)
    at ClientRequest.emit (node:events:518:28)
    at emitErrorEvent (node:_http_client:104:11)
    at MockHttpSocket.socketErrorListener (node:_http_client:518:5)
    at MockHttpSocket.emit (node:events:530:35) [90mundefined[39m

[MSW] Warning: intercepted a request without a matching request handler:

  • GET https://api.test.evalmatch.com/resumes-4

If you still wish to intercept this unhandled request, please create a request handler for it.
Read more: https://mswjs.io/docs/http/intercepting-requests

[MSW] Warning: intercepted a request without a matching request handler:

  • OPTIONS https://api.test.evalmatch.com/resumes-4

If you still wish to intercept this unhandled request, please create a request handler for it.
Read more: https://mswjs.io/docs/http/intercepting-requests

Error: Error: getaddrinfo ENOTFOUND api.test.evalmatch.com
    at Object.dispatchError (/home/ews/Evalmatch/sdks/typescript/node_modules/jsdom/lib/jsdom/living/xhr/xhr-utils.js:62:19)
    at EventEmitter.&lt;anonymous&gt; (/home/ews/Evalmatch/sdks/typescript/node_modules/jsdom/lib/jsdom/living/xhr/XMLHttpRequest-impl.js:655:18)
    at EventEmitter.emit (node:events:530:35)
    at Request.&lt;anonymous&gt; (/home/ews/Evalmatch/sdks/typescript/node_modules/jsdom/lib/jsdom/living/xhr/xhr-utils.js:380:14)
    at Request.emit (node:events:518:28)
    at ClientRequest.&lt;anonymous&gt; (/home/ews/Evalmatch/sdks/typescript/node_modules/jsdom/lib/jsdom/living/helpers/http-request.js:127:14)
    at ClientRequest.emit (node:events:518:28)
    at emitErrorEvent (node:_http_client:104:11)
    at MockHttpSocket.socketErrorListener (node:_http_client:518:5)
    at MockHttpSocket.emit (node:events:530:35) [90mundefined[39m

[MSW] Warning: intercepted a request without a matching request handler:

  • GET https://api.test.evalmatch.com/resumes-2

If you still wish to intercept this unhandled request, please create a request handler for it.
Read more: https://mswjs.io/docs/http/intercepting-requests

[MSW] Warning: intercepted a request without a matching request handler:

  • OPTIONS https://api.test.evalmatch.com/resumes-2

If you still wish to intercept this unhandled request, please create a request handler for it.
Read more: https://mswjs.io/docs/http/intercepting-requests

[MSW] Warning: intercepted a request without a matching request handler:

  • GET https://api.test.evalmatch.com/resumes-1

If you still wish to intercept this unhandled request, please create a request handler for it.
Read more: https://mswjs.io/docs/http/intercepting-requests

[MSW] Warning: intercepted a request without a matching request handler:

  • GET https://api.test.evalmatch.com/resumes-0

If you still wish to intercept this unhandled request, please create a request handler for it.
Read more: https://mswjs.io/docs/http/intercepting-requests

Error: Error: getaddrinfo ENOTFOUND api.test.evalmatch.com
    at Object.dispatchError (/home/ews/Evalmatch/sdks/typescript/node_modules/jsdom/lib/jsdom/living/xhr/xhr-utils.js:62:19)
    at EventEmitter.&lt;anonymous&gt; (/home/ews/Evalmatch/sdks/typescript/node_modules/jsdom/lib/jsdom/living/xhr/XMLHttpRequest-impl.js:655:18)
    at EventEmitter.emit (node:events:530:35)
    at Request.&lt;anonymous&gt; (/home/ews/Evalmatch/sdks/typescript/node_modules/jsdom/lib/jsdom/living/xhr/xhr-utils.js:380:14)
    at Request.emit (node:events:518:28)
    at ClientRequest.&lt;anonymous&gt; (/home/ews/Evalmatch/sdks/typescript/node_modules/jsdom/lib/jsdom/living/helpers/http-request.js:127:14)
    at ClientRequest.emit (node:events:518:28)
    at emitErrorEvent (node:_http_client:104:11)
    at MockHttpSocket.socketErrorListener (node:_http_client:518:5)
    at MockHttpSocket.emit (node:events:530:35) [90mundefined[39m

[MSW] Warning: intercepted a request without a matching request handler:

  • OPTIONS https://api.test.evalmatch.com/resumes-1

If you still wish to intercept this unhandled request, please create a request handler for it.
Read more: https://mswjs.io/docs/http/intercepting-requests

[MSW] Warning: intercepted a request without a matching request handler:

  • OPTIONS https://api.test.evalmatch.com/resumes-0

If you still wish to intercept this unhandled request, please create a request handler for it.
Read more: https://mswjs.io/docs/http/intercepting-requests

Error: Error: getaddrinfo ENOTFOUND api.test.evalmatch.com
    at Object.dispatchError (/home/ews/Evalmatch/sdks/typescript/node_modules/jsdom/lib/jsdom/living/xhr/xhr-utils.js:62:19)
    at EventEmitter.&lt;anonymous&gt; (/home/ews/Evalmatch/sdks/typescript/node_modules/jsdom/lib/jsdom/living/xhr/XMLHttpRequest-impl.js:655:18)
    at EventEmitter.emit (node:events:530:35)
    at Request.&lt;anonymous&gt; (/home/ews/Evalmatch/sdks/typescript/node_modules/jsdom/lib/jsdom/living/xhr/xhr-utils.js:380:14)
    at Request.emit (node:events:518:28)
    at ClientRequest.&lt;anonymous&gt; (/home/ews/Evalmatch/sdks/typescript/node_modules/jsdom/lib/jsdom/living/helpers/http-request.js:127:14)
    at ClientRequest.emit (node:events:518:28)
    at emitErrorEvent (node:_http_client:104:11)
    at MockHttpSocket.socketErrorListener (node:_http_client:518:5)
    at MockHttpSocket.emit (node:events:530:35) [90mundefined[39m

Error: Error: getaddrinfo ENOTFOUND api.test.evalmatch.com
    at Object.dispatchError (/home/ews/Evalmatch/sdks/typescript/node_modules/jsdom/lib/jsdom/living/xhr/xhr-utils.js:62:19)
    at EventEmitter.&lt;anonymous&gt; (/home/ews/Evalmatch/sdks/typescript/node_modules/jsdom/lib/jsdom/living/xhr/XMLHttpRequest-impl.js:655:18)
    at EventEmitter.emit (node:events:530:35)
    at Request.&lt;anonymous&gt; (/home/ews/Evalmatch/sdks/typescript/node_modules/jsdom/lib/jsdom/living/xhr/xhr-utils.js:380:14)
    at Request.emit (node:events:518:28)
    at ClientRequest.&lt;anonymous&gt; (/home/ews/Evalmatch/sdks/typescript/node_modules/jsdom/lib/jsdom/living/helpers/http-request.js:127:14)
    at ClientRequest.emit (node:events:518:28)
    at emitErrorEvent (node:_http_client:104:11)
    at MockHttpSocket.socketErrorListener (node:_http_client:518:5)
    at MockHttpSocket.emit (node:events:530:35) [90mundefined[39m

[MSW] Warning: intercepted a request without a matching request handler:

  • GET https://api.test.evalmatch.com/resumes-3

If you still wish to intercept this unhandled request, please create a request handler for it.
Read more: https://mswjs.io/docs/http/intercepting-requests

[MSW] Warning: intercepted a request without a matching request handler:

  • OPTIONS https://api.test.evalmatch.com/resumes-3

If you still wish to intercept this unhandled request, please create a request handler for it.
Read more: https://mswjs.io/docs/http/intercepting-requests

Error: Error: getaddrinfo ENOTFOUND api.test.evalmatch.com
    at Object.dispatchError (/home/ews/Evalmatch/sdks/typescript/node_modules/jsdom/lib/jsdom/living/xhr/xhr-utils.js:62:19)
    at EventEmitter.&lt;anonymous&gt; (/home/ews/Evalmatch/sdks/typescript/node_modules/jsdom/lib/jsdom/living/xhr/XMLHttpRequest-impl.js:655:18)
    at EventEmitter.emit (node:events:530:35)
    at Request.&lt;anonymous&gt; (/home/ews/Evalmatch/sdks/typescript/node_modules/jsdom/lib/jsdom/living/xhr/xhr-utils.js:380:14)
    at Request.emit (node:events:518:28)
    at ClientRequest.&lt;anonymous&gt; (/home/ews/Evalmatch/sdks/typescript/node_modules/jsdom/lib/jsdom/living/helpers/http-request.js:127:14)
    at ClientRequest.emit (node:events:518:28)
    at emitErrorEvent (node:_http_client:104:11)
    at MockHttpSocket.socketErrorListener (node:_http_client:518:5)
    at MockHttpSocket.emit (node:events:530:35) [90mundefined[39m

[MSW] Warning: intercepted a request without a matching request handler:

  • GET https://api.test.evalmatch.com/resumes-4

If you still wish to intercept this unhandled request, please create a request handler for it.
Read more: https://mswjs.io/docs/http/intercepting-requests

[MSW] Warning: intercepted a request without a matching request handler:

  • OPTIONS https://api.test.evalmatch.com/resumes-4

If you still wish to intercept this unhandled request, please create a request handler for it.
Read more: https://mswjs.io/docs/http/intercepting-requests

Error: Error: getaddrinfo ENOTFOUND api.test.evalmatch.com
    at Object.dispatchError (/home/ews/Evalmatch/sdks/typescript/node_modules/jsdom/lib/jsdom/living/xhr/xhr-utils.js:62:19)
    at EventEmitter.&lt;anonymous&gt; (/home/ews/Evalmatch/sdks/typescript/node_modules/jsdom/lib/jsdom/living/xhr/XMLHttpRequest-impl.js:655:18)
    at EventEmitter.emit (node:events:530:35)
    at Request.&lt;anonymous&gt; (/home/ews/Evalmatch/sdks/typescript/node_modules/jsdom/lib/jsdom/living/xhr/xhr-utils.js:380:14)
    at Request.emit (node:events:518:28)
    at ClientRequest.&lt;anonymous&gt; (/home/ews/Evalmatch/sdks/typescript/node_modules/jsdom/lib/jsdom/living/helpers/http-request.js:127:14)
    at ClientRequest.emit (node:events:518:28)
    at emitErrorEvent (node:_http_client:104:11)
    at MockHttpSocket.socketErrorListener (node:_http_client:518:5)
    at MockHttpSocket.emit (node:events:530:35) [90mundefined[39m

            </system-err>
        </testcase>
        <testcase classname="src/__tests__/client.test.ts" name="EvalMatchClient &gt; Error Handling &gt; should enrich errors with request context" time="0.405715467">
        </testcase>
        <testcase classname="src/__tests__/client.test.ts" name="EvalMatchClient &gt; Request Interceptors &gt; should add authentication headers automatically" time="0.002470747">
        </testcase>
        <testcase classname="src/__tests__/client.test.ts" name="EvalMatchClient &gt; Request Interceptors &gt; should handle requests without authentication" time="0.002689219">
        </testcase>
    </testsuite>
    <testsuite name="src/__tests__/core/errors.test.ts" timestamp="2025-09-18T09:45:30.894Z" hostname="EWS" tests="20" failures="0" errors="0" skipped="0" time="0.009216114">
        <testcase classname="src/__tests__/core/errors.test.ts" name="EvalMatchError &gt; should create error with all properties" time="0.001663287">
        </testcase>
        <testcase classname="src/__tests__/core/errors.test.ts" name="EvalMatchError &gt; should serialize to JSON properly" time="0.001114326">
        </testcase>
        <testcase classname="src/__tests__/core/errors.test.ts" name="EvalMatchError &gt; should have proper toString representation" time="0.000132886">
        </testcase>
        <testcase classname="src/__tests__/core/errors.test.ts" name="Specific Error Classes &gt; should create NetworkError with retry actions" time="0.000795261">
        </testcase>
        <testcase classname="src/__tests__/core/errors.test.ts" name="Specific Error Classes &gt; should create AuthenticationError with auth actions" time="0.000279533">
        </testcase>
        <testcase classname="src/__tests__/core/errors.test.ts" name="Specific Error Classes &gt; should create RateLimitError with wait action" time="0.00019988">
        </testcase>
        <testcase classname="src/__tests__/core/errors.test.ts" name="Specific Error Classes &gt; should create ValidationError with check parameters action" time="0.000129273">
        </testcase>
        <testcase classname="src/__tests__/core/errors.test.ts" name="Specific Error Classes &gt; should create ServerError with appropriate retry behavior" time="0.000260545">
        </testcase>
        <testcase classname="src/__tests__/core/errors.test.ts" name="Specific Error Classes &gt; should create CircuitBreakerError with wait action" time="0.000349257">
        </testcase>
        <testcase classname="src/__tests__/core/errors.test.ts" name="Specific Error Classes &gt; should create FirebaseAuthError with auth action" time="0.000162627">
        </testcase>
        <testcase classname="src/__tests__/core/errors.test.ts" name="ErrorFactory &gt; should create ValidationError for 400 status" time="0.000219177">
        </testcase>
        <testcase classname="src/__tests__/core/errors.test.ts" name="ErrorFactory &gt; should create AuthenticationError for 401 status" time="0.000097023">
        </testcase>
        <testcase classname="src/__tests__/core/errors.test.ts" name="ErrorFactory &gt; should create RateLimitError for 429 status" time="0.000097386">
        </testcase>
        <testcase classname="src/__tests__/core/errors.test.ts" name="ErrorFactory &gt; should create ServerError for 5xx status" time="0.000080156">
        </testcase>
        <testcase classname="src/__tests__/core/errors.test.ts" name="ErrorFactory &gt; should create NetworkError for no status" time="0.000074648">
        </testcase>
        <testcase classname="src/__tests__/core/errors.test.ts" name="ErrorFactory &gt; should handle file size errors (413)" time="0.000057463">
        </testcase>
        <testcase classname="src/__tests__/core/errors.test.ts" name="ErrorFactory &gt; should handle unsupported media type (415)" time="0.000054681">
        </testcase>
        <testcase classname="src/__tests__/core/errors.test.ts" name="ErrorFactory &gt; should create CircuitBreakerError" time="0.000117242">
        </testcase>
        <testcase classname="src/__tests__/core/errors.test.ts" name="ErrorFactory &gt; should create FirebaseAuthError" time="0.000096249">
        </testcase>
        <testcase classname="src/__tests__/core/errors.test.ts" name="ErrorFactory &gt; should enrich context for unknown status codes" time="0.000184952">
        </testcase>
    </testsuite>
    <testsuite name="src/__tests__/core/interceptors.test.ts" timestamp="2025-09-18T09:45:30.900Z" hostname="EWS" tests="22" failures="2" errors="0" skipped="0" time="0.022277005">
        <testcase classname="src/__tests__/core/interceptors.test.ts" name="InterceptorManager &gt; should manage request interceptors" time="0.002358935">
        </testcase>
        <testcase classname="src/__tests__/core/interceptors.test.ts" name="InterceptorManager &gt; should manage response interceptors" time="0.000564649">
        </testcase>
        <testcase classname="src/__tests__/core/interceptors.test.ts" name="InterceptorManager &gt; should manage error interceptors" time="0.000534264">
        </testcase>
        <testcase classname="src/__tests__/core/interceptors.test.ts" name="InterceptorManager &gt; should process request through interceptors" time="0.001545866">
        </testcase>
        <testcase classname="src/__tests__/core/interceptors.test.ts" name="InterceptorManager &gt; should process response through interceptors" time="0.000426839">
        </testcase>
        <testcase classname="src/__tests__/core/interceptors.test.ts" name="InterceptorManager &gt; should clear all interceptors" time="0.001438024">
        </testcase>
        <testcase classname="src/__tests__/core/interceptors.test.ts" name="BuiltInInterceptors &gt; requestId &gt; should add request ID to headers" time="0.000317541">
        </testcase>
        <testcase classname="src/__tests__/core/interceptors.test.ts" name="BuiltInInterceptors &gt; userAgent &gt; should add user agent header" time="0.003046978">
            <failure message="expected undefined to be &apos;EvalMatch-SDK/2.0.0 (TypeScript)&apos; // Object.is equality" type="AssertionError">
AssertionError: expected undefined to be &apos;EvalMatch-SDK/2.0.0 (TypeScript)&apos; // Object.is equality

- Expected: 
&quot;EvalMatch-SDK/2.0.0 (TypeScript)&quot;

+ Received: 
undefined

 ❯ src/__tests__/core/interceptors.test.ts:134:44
            </failure>
        </testcase>
        <testcase classname="src/__tests__/core/interceptors.test.ts" name="BuiltInInterceptors &gt; userAgent &gt; should use default version" time="0.000683334">
            <failure message="expected undefined to be &apos;EvalMatch-SDK/1.0.0 (TypeScript)&apos; // Object.is equality" type="AssertionError">
AssertionError: expected undefined to be &apos;EvalMatch-SDK/1.0.0 (TypeScript)&apos; // Object.is equality

- Expected: 
&quot;EvalMatch-SDK/1.0.0 (TypeScript)&quot;

+ Received: 
undefined

 ❯ src/__tests__/core/interceptors.test.ts:144:44
            </failure>
        </testcase>
        <testcase classname="src/__tests__/core/interceptors.test.ts" name="BuiltInInterceptors &gt; timeout &gt; should set timeout when not provided" time="0.000186295">
        </testcase>
        <testcase classname="src/__tests__/core/interceptors.test.ts" name="BuiltInInterceptors &gt; timeout &gt; should not override existing timeout" time="0.00012463">
        </testcase>
        <testcase classname="src/__tests__/core/interceptors.test.ts" name="BuiltInInterceptors &gt; authentication &gt; should add auth header when token available" time="0.000300107">
        </testcase>
        <testcase classname="src/__tests__/core/interceptors.test.ts" name="BuiltInInterceptors &gt; authentication &gt; should not add auth header when token not available" time="0.000299163">
        </testcase>
        <testcase classname="src/__tests__/core/interceptors.test.ts" name="BuiltInInterceptors &gt; contentType &gt; should set JSON content type for object data" time="0.000140986">
        </testcase>
        <testcase classname="src/__tests__/core/interceptors.test.ts" name="BuiltInInterceptors &gt; contentType &gt; should not set content type for FormData" time="0.000381474">
        </testcase>
        <testcase classname="src/__tests__/core/interceptors.test.ts" name="BuiltInInterceptors &gt; contentType &gt; should not override existing content type" time="0.000247734">
        </testcase>
        <testcase classname="src/__tests__/core/interceptors.test.ts" name="BuiltInInterceptors &gt; responseTiming &gt; should log warning for slow responses" time="0.001177246">
        </testcase>
        <testcase classname="src/__tests__/core/interceptors.test.ts" name="BuiltInInterceptors &gt; responseTiming &gt; should not log for fast responses" time="0.000420937">
        </testcase>
        <testcase classname="src/__tests__/core/interceptors.test.ts" name="BuiltInInterceptors &gt; errorLogging &gt; should log error details when debug enabled" time="0.001669257">
        </testcase>
        <testcase classname="src/__tests__/core/interceptors.test.ts" name="BuiltInInterceptors &gt; errorLogging &gt; should not log when debug disabled" time="0.000483886">
        </testcase>
        <testcase classname="src/__tests__/core/interceptors.test.ts" name="createDefaultInterceptors &gt; should create default interceptor sets" time="0.000636427">
        </testcase>
        <testcase classname="src/__tests__/core/interceptors.test.ts" name="createDefaultInterceptors &gt; should configure interceptors with proper parameters" time="0.000177731">
        </testcase>
    </testsuite>
    <testsuite name="src/__tests__/core/retry-client.test.ts" timestamp="2025-09-18T09:45:30.905Z" hostname="EWS" tests="11" failures="4" errors="0" skipped="0" time="0.226356028">
        <testcase classname="src/__tests__/core/retry-client.test.ts" name="CircuitBreaker &gt; should start in CLOSED state" time="0.001584116">
        </testcase>
        <testcase classname="src/__tests__/core/retry-client.test.ts" name="CircuitBreaker &gt; should open after threshold failures" time="0.001418401">
        </testcase>
        <testcase classname="src/__tests__/core/retry-client.test.ts" name="CircuitBreaker &gt; should transition to HALF_OPEN after timeout" time="0.007079945">
            <failure message="expected &apos;open&apos; to be &apos;half-open&apos; // Object.is equality" type="AssertionError">
AssertionError: expected &apos;open&apos; to be &apos;half-open&apos; // Object.is equality

Expected: &quot;half-open&quot;
Received: &quot;open&quot;

 ❯ src/__tests__/core/retry-client.test.ts:65:39
            </failure>
        </testcase>
        <testcase classname="src/__tests__/core/retry-client.test.ts" name="CircuitBreaker &gt; should reset to CLOSED after successful operations in HALF_OPEN" time="0.001017027">
            <failure message="expected &apos;open&apos; to be &apos;half-open&apos; // Object.is equality" type="AssertionError">
AssertionError: expected &apos;open&apos; to be &apos;half-open&apos; // Object.is equality

Expected: &quot;half-open&quot;
Received: &quot;open&quot;

 ❯ src/__tests__/core/retry-client.test.ts:94:39
            </failure>
        </testcase>
        <testcase classname="src/__tests__/core/retry-client.test.ts" name="RetryableHTTPClient &gt; should make successful requests" time="0.037433868">
            <system-out>
MSW intercepted: GET https://api.test.evalmatch.com/health

            </system-out>
        </testcase>
        <testcase classname="src/__tests__/core/retry-client.test.ts" name="RetryableHTTPClient &gt; should retry on server errors" time="0.018567037">
            <failure message="HTTP 500 Error: Request failed with status code 500 (after 1 attempts)" type="HTTPError">
HTTPError: HTTP 500 Error: Request failed with status code 500 (after 1 attempts)
 ❯ RetryableHTTPClient.enrichError src/core/retry-client.ts:260:29
 ❯ src/core/retry-client.ts:176:38
 ❯ Axios.request node_modules/axios/lib/core/Axios.js:45:41
 ❯ RetryableHTTPClient.retryWithBackoff src/core/retry-client.ts:197:16
 ❯ CircuitBreaker.execute src/core/retry-client.ts:48:22
 ❯ src/__tests__/core/retry-client.test.ts:162:22

⎯⎯⎯⎯⎯⎯⎯⎯⎯⎯⎯⎯⎯⎯⎯⎯⎯⎯⎯⎯⎯⎯⎯⎯⎯⎯⎯⎯⎯⎯
Serialized Error: { status: 500, statusText: &apos;Internal Server Error&apos;, data: { error: &apos;Internal server error&apos; }, requestId: &apos;req_1758188726360_uye8or13g&apos;, duration: +0, attempts: 1, originalError: { message: &apos;Request failed with status code 500&apos;, name: &apos;AxiosError&apos;, description: undefined, number: undefined, fileName: undefined, lineNumber: undefined, columnNumber: undefined, stack: &apos;AxiosError: Request failed with status code 500\n    at settle (file:///home/ews/Evalmatch/sdks/typescript/node_modules/axios/lib/core/settle.js:19:12)\n    at XMLHttpRequest.onloadend (file:///home/ews/Evalmatch/sdks/typescript/node_modules/axios/lib/adapters/xhr.js:59:7)\n    at XMLHttpRequest.methodCall (file:///home/ews/Evalmatch/sdks/typescript/node_modules/@mswjs/interceptors/src/interceptors/XMLHttpRequest/XMLHttpRequestController.ts:207:20)\n    at Proxy.&lt;anonymous&gt; (file:///home/ews/Evalmatch/sdks/typescript/node_modules/@mswjs/interceptors/src/utils/createProxy.ts:93:29)\n    at XMLHttpRequestController.trigger (file:///home/ews/Evalmatch/sdks/typescript/node_modules/@mswjs/interceptors/src/interceptors/XMLHttpRequest/XMLHttpRequestController.ts:631:16)\n    at finalizeResponse (file:///home/ews/Evalmatch/sdks/typescript/node_modules/@mswjs/interceptors/src/interceptors/XMLHttpRequest/XMLHttpRequestController.ts:421:12)\n    at readNextResponseBodyChunk (file:///home/ews/Evalmatch/sdks/typescript/node_modules/@mswjs/interceptors/src/interceptors/XMLHttpRequest/XMLHttpRequestController.ts:437:11)&apos;, config: { transitional: { silentJSONParsing: true, forcedJSONParsing: true, clarifyTimeoutError: false }, adapter: [ &apos;xhr&apos;, &apos;http&apos;, &apos;fetch&apos; ], transformRequest: [ &apos;Function&lt;transformRequest&gt;&apos; ], transformResponse: [ &apos;Function&lt;transformResponse&gt;&apos; ], timeout: +0, xsrfCookieName: &apos;XSRF-TOKEN&apos;, xsrfHeaderName: &apos;X-XSRF-TOKEN&apos;, maxContentLength: -1, maxBodyLength: -1, env: { FormData: &apos;Function&lt;FormData&gt;&apos;, Blob: &apos;Function&lt;Blob&gt;&apos; }, validateStatus: &apos;Function&lt;validateStatus&gt;&apos;, headers: { Accept: &apos;application/json, text/plain, */*&apos; }, baseURL: &apos;https://api.test.evalmatch.com&apos;, method: &apos;get&apos;, url: &apos;/retry-test?attempt=0&apos;, allowAbsoluteUrls: true, metadata: { requestId: &apos;req_1758188726360_uye8or13g&apos;, startTime: 1758188726360, duration: +0 } }, code: &apos;ERR_BAD_RESPONSE&apos;, status: 500 }, circuitBreakerState: &apos;closed&apos; }
            </failure>
        </testcase>
        <testcase classname="src/__tests__/core/retry-client.test.ts" name="RetryableHTTPClient &gt; should not retry on 4xx errors" time="0.024333794">
            <system-out>
MSW intercepted ERROR 401: GET https://api.test.evalmatch.com/error/401

            </system-out>
        </testcase>
        <testcase classname="src/__tests__/core/retry-client.test.ts" name="RetryableHTTPClient &gt; should add request metadata" time="0.005569766">
            <system-out>
MSW intercepted: GET https://api.test.evalmatch.com/health

            </system-out>
        </testcase>
        <testcase classname="src/__tests__/core/retry-client.test.ts" name="RetryableHTTPClient &gt; should respect circuit breaker state" time="0.1053524">
            <system-out>
MSW intercepted ERROR 500: GET https://api.test.evalmatch.com/error/500
MSW intercepted ERROR 500: GET https://api.test.evalmatch.com/error/500
MSW intercepted ERROR 500: GET https://api.test.evalmatch.com/error/500
MSW intercepted ERROR 500: GET https://api.test.evalmatch.com/error/500
MSW intercepted ERROR 500: GET https://api.test.evalmatch.com/error/500
MSW intercepted ERROR 500: GET https://api.test.evalmatch.com/error/500

            </system-out>
        </testcase>
        <testcase classname="src/__tests__/core/retry-client.test.ts" name="RetryableHTTPClient &gt; should handle network errors" time="0.016601256">
            <system-out>
MSW intercepted NETWORK ERROR: GET https://api.test.evalmatch.com/network-error

            </system-out>
        </testcase>
        <testcase classname="src/__tests__/core/retry-client.test.ts" name="RetryableHTTPClient &gt; should apply exponential backoff with jitter" time="0.003274884">
            <failure message="HTTP 500 Error: Request failed with status code 500 (after 1 attempts)" type="HTTPError">
HTTPError: HTTP 500 Error: Request failed with status code 500 (after 1 attempts)
 ❯ RetryableHTTPClient.enrichError src/core/retry-client.ts:260:29
 ❯ src/core/retry-client.ts:176:38
 ❯ Axios.request node_modules/axios/lib/core/Axios.js:45:41
 ❯ RetryableHTTPClient.retryWithBackoff src/core/retry-client.ts:197:16
 ❯ CircuitBreaker.execute src/core/retry-client.ts:48:22
 ❯ src/__tests__/core/retry-client.test.ts:269:5

⎯⎯⎯⎯⎯⎯⎯⎯⎯⎯⎯⎯⎯⎯⎯⎯⎯⎯⎯⎯⎯⎯⎯⎯⎯⎯⎯⎯⎯⎯
Serialized Error: { status: 500, statusText: &apos;Internal Server Error&apos;, data: { error: &apos;Server error&apos; }, requestId: &apos;req_1758188726360_y51u5x0px&apos;, duration: +0, attempts: 1, originalError: { message: &apos;Request failed with status code 500&apos;, name: &apos;AxiosError&apos;, description: undefined, number: undefined, fileName: undefined, lineNumber: undefined, columnNumber: undefined, stack: &apos;AxiosError: Request failed with status code 500\n    at settle (file:///home/ews/Evalmatch/sdks/typescript/node_modules/axios/lib/core/settle.js:19:12)\n    at XMLHttpRequest.onloadend (file:///home/ews/Evalmatch/sdks/typescript/node_modules/axios/lib/adapters/xhr.js:59:7)\n    at XMLHttpRequest.methodCall (file:///home/ews/Evalmatch/sdks/typescript/node_modules/@mswjs/interceptors/src/interceptors/XMLHttpRequest/XMLHttpRequestController.ts:207:20)\n    at Proxy.&lt;anonymous&gt; (file:///home/ews/Evalmatch/sdks/typescript/node_modules/@mswjs/interceptors/src/utils/createProxy.ts:93:29)\n    at XMLHttpRequestController.trigger (file:///home/ews/Evalmatch/sdks/typescript/node_modules/@mswjs/interceptors/src/interceptors/XMLHttpRequest/XMLHttpRequestController.ts:631:16)\n    at finalizeResponse (file:///home/ews/Evalmatch/sdks/typescript/node_modules/@mswjs/interceptors/src/interceptors/XMLHttpRequest/XMLHttpRequestController.ts:421:12)\n    at readNextResponseBodyChunk (file:///home/ews/Evalmatch/sdks/typescript/node_modules/@mswjs/interceptors/src/interceptors/XMLHttpRequest/XMLHttpRequestController.ts:437:11)&apos;, config: { transitional: { silentJSONParsing: true, forcedJSONParsing: true, clarifyTimeoutError: false }, adapter: [ &apos;xhr&apos;, &apos;http&apos;, &apos;fetch&apos; ], transformRequest: [ &apos;Function&lt;transformRequest&gt;&apos; ], transformResponse: [ &apos;Function&lt;transformResponse&gt;&apos; ], timeout: +0, xsrfCookieName: &apos;XSRF-TOKEN&apos;, xsrfHeaderName: &apos;X-XSRF-TOKEN&apos;, maxContentLength: -1, maxBodyLength: -1, env: { FormData: &apos;Function&lt;FormData&gt;&apos;, Blob: &apos;Function&lt;Blob&gt;&apos; }, validateStatus: &apos;Function&lt;validateStatus&gt;&apos;, headers: { Accept: &apos;application/json, text/plain, */*&apos; }, baseURL: &apos;https://api.test.evalmatch.com&apos;, method: &apos;get&apos;, url: &apos;/backoff-test&apos;, allowAbsoluteUrls: true, metadata: { requestId: &apos;req_1758188726360_y51u5x0px&apos;, startTime: 1758188726360, duration: +0 } }, code: &apos;ERR_BAD_RESPONSE&apos;, status: 500 }, circuitBreakerState: &apos;closed&apos; }
            </failure>
        </testcase>
    </testsuite>
    <testsuite name="src/__tests__/integration/client-integration.test.ts" timestamp="2025-09-18T09:45:30.914Z" hostname="EWS" tests="5" failures="0" errors="0" skipped="0" time="0.0073803">
        <testcase classname="src/__tests__/integration/client-integration.test.ts" name="EvalMatchClient Integration &gt; should initialize client with proper configuration" time="0.001833836">
        </testcase>
        <testcase classname="src/__tests__/integration/client-integration.test.ts" name="EvalMatchClient Integration &gt; should have all expected API methods" time="0.000595774">
        </testcase>
        <testcase classname="src/__tests__/integration/client-integration.test.ts" name="EvalMatchClient Integration &gt; should report authenticated status" time="0.00032499">
        </testcase>
        <testcase classname="src/__tests__/integration/client-integration.test.ts" name="EvalMatchClient Integration &gt; should create client with default configuration" time="0.000328668">
        </testcase>
        <testcase classname="src/__tests__/integration/client-integration.test.ts" name="EvalMatchClient Integration &gt; should handle circuit breaker configuration" time="0.000589078">
        </testcase>
    </testsuite>
</testsuites>
