<?xml version="1.0" encoding="UTF-8" ?>
<testsuites name="vitest tests" tests="11" failures="0" errors="0" time="0.006452257">
    <testsuite name="src/__tests__/spec-completeness.test.ts" timestamp="2025-09-18T14:05:29.283Z" hostname="EWS" tests="11" failures="0" errors="0" skipped="0" time="0.006452257">
        <testcase classname="src/__tests__/spec-completeness.test.ts" name="SDK Spec Completeness &gt; should have methods for all documented public endpoints" time="0.001048971">
        </testcase>
        <testcase classname="src/__tests__/spec-completeness.test.ts" name="SDK Spec Completeness &gt; should have proper method signatures for public endpoints" time="0.000357513">
        </testcase>
        <testcase classname="src/__tests__/spec-completeness.test.ts" name="SDK Spec Completeness &gt; should support new ClientOptions features" time="0.000145425">
        </testcase>
        <testcase classname="src/__tests__/spec-completeness.test.ts" name="SDK Spec Completeness &gt; Credits Endpoints &gt; should have credits balance method" time="0.000128577">
        </testcase>
        <testcase classname="src/__tests__/spec-completeness.test.ts" name="SDK Spec Completeness &gt; Credits Endpoints &gt; should have credits history method" time="0.000080599">
        </testcase>
        <testcase classname="src/__tests__/spec-completeness.test.ts" name="SDK Spec Completeness &gt; Credits Endpoints &gt; should have credits packages method" time="0.000133957">
        </testcase>
        <testcase classname="src/__tests__/spec-completeness.test.ts" name="SDK Spec Completeness &gt; Credits Endpoints &gt; should have credits grant-beta method" time="0.000080221">
        </testcase>
        <testcase classname="src/__tests__/spec-completeness.test.ts" name="SDK Spec Completeness &gt; Health Endpoints &gt; should have health status method" time="0.000132507">
        </testcase>
        <testcase classname="src/__tests__/spec-completeness.test.ts" name="SDK Spec Completeness &gt; Health Endpoints &gt; should have system health method" time="0.000165262">
        </testcase>
        <testcase classname="src/__tests__/spec-completeness.test.ts" name="SDK Spec Completeness &gt; User Profile Endpoint (Future) &gt; should eventually have user profile endpoint when implemented" time="0.000084609">
        </testcase>
        <testcase classname="src/__tests__/spec-completeness.test.ts" name="SDK Spec Completeness &gt; Generated vs Manual Client Parity &gt; should ensure manual client methods align with generated types" time="0.000079603">
        </testcase>
    </testsuite>
</testsuites>
