<?xml version="1.0" encoding="UTF-8" ?>
<testsuites name="vitest tests" tests="19" failures="1" errors="0" time="0.284518808">
    <testsuite name="src/__tests__/client.test.ts" timestamp="2025-08-18T15:48:51.036Z" hostname="EWS" tests="19" failures="1" errors="0" skipped="18" time="0.284518808">
        <testcase classname="src/__tests__/client.test.ts" name="EvalMatchClient &gt; Configuration &gt; should initialize with default configuration" time="0">
            <skipped/>
        </testcase>
        <testcase classname="src/__tests__/client.test.ts" name="EvalMatchClient &gt; Configuration &gt; should use custom configuration" time="0">
            <skipped/>
        </testcase>
        <testcase classname="src/__tests__/client.test.ts" name="EvalMatchClient &gt; Configuration &gt; should check authentication status" time="0">
            <skipped/>
        </testcase>
        <testcase classname="src/__tests__/client.test.ts" name="EvalMatchClient &gt; Resume Management &gt; should list resumes successfully" time="0">
            <skipped/>
        </testcase>
        <testcase classname="src/__tests__/client.test.ts" name="EvalMatchClient &gt; Resume Management &gt; should get specific resume by ID" time="0">
            <skipped/>
        </testcase>
        <testcase classname="src/__tests__/client.test.ts" name="EvalMatchClient &gt; Resume Management &gt; should upload resume file" time="0">
            <skipped/>
        </testcase>
        <testcase classname="src/__tests__/client.test.ts" name="EvalMatchClient &gt; Resume Management &gt; should handle resume not found error" time="0">
            <skipped/>
        </testcase>
        <testcase classname="src/__tests__/client.test.ts" name="EvalMatchClient &gt; Job Description Management &gt; should create job description successfully" time="0">
            <skipped/>
        </testcase>
        <testcase classname="src/__tests__/client.test.ts" name="EvalMatchClient &gt; Job Description Management &gt; should handle validation errors for job creation" time="0">
            <skipped/>
        </testcase>
        <testcase classname="src/__tests__/client.test.ts" name="EvalMatchClient &gt; AI Analysis &gt; should analyze resumes against job" time="0">
            <skipped/>
        </testcase>
        <testcase classname="src/__tests__/client.test.ts" name="EvalMatchClient &gt; AI Analysis &gt; should analyze job bias" time="0">
            <skipped/>
        </testcase>
        <testcase classname="src/__tests__/client.test.ts" name="EvalMatchClient &gt; AI Analysis &gt; should handle analysis timeout" time="0.278209891">
            <failure message="promise resolved &quot;{ success: true }&quot; instead of rejecting" type="AssertionError">
AssertionError: promise resolved &quot;{ success: true }&quot; instead of rejecting

- Expected
+ Received

- Error {
-   &quot;message&quot;: &quot;rejected promise&quot;,
+ {
+   &quot;success&quot;: true,
  }

 ❯ src/__tests__/client.test.ts:195:60
            </failure>
        </testcase>
        <testcase classname="src/__tests__/client.test.ts" name="EvalMatchClient &gt; Error Handling &gt; should handle authentication errors" time="0">
            <skipped/>
        </testcase>
        <testcase classname="src/__tests__/client.test.ts" name="EvalMatchClient &gt; Error Handling &gt; should handle rate limiting with retry after" time="0">
            <skipped/>
        </testcase>
        <testcase classname="src/__tests__/client.test.ts" name="EvalMatchClient &gt; Error Handling &gt; should handle server errors with retry" time="0">
            <skipped/>
        </testcase>
        <testcase classname="src/__tests__/client.test.ts" name="EvalMatchClient &gt; Error Handling &gt; should handle circuit breaker opening" time="0">
            <skipped/>
        </testcase>
        <testcase classname="src/__tests__/client.test.ts" name="EvalMatchClient &gt; Error Handling &gt; should enrich errors with request context" time="0">
            <skipped/>
        </testcase>
        <testcase classname="src/__tests__/client.test.ts" name="EvalMatchClient &gt; Request Interceptors &gt; should add authentication headers automatically" time="0">
            <skipped/>
        </testcase>
        <testcase classname="src/__tests__/client.test.ts" name="EvalMatchClient &gt; Request Interceptors &gt; should handle requests without authentication" time="0">
            <skipped/>
        </testcase>
    </testsuite>
</testsuites>
